Generated automatically by private/update-coverage. Do not edit.

Name        Stmts   Miss Branch BrMiss  Cover   Missing
-------------------------------------------------------
lib             6      2      4      2    60%   6, 8
lib.ipc        69      1     26      6    93%   109
lib.utils      21      6      4      0    76%   33-38
lib.xmp        72     22      6      0    72%   38-40, 44-46, 154-180
-------------------------------------------------------
TOTAL         168     31     40      8    81%
